<?xml version="1.0" encoding="UTF-8"?>
<!-- Generated by org.testng.reporters.JUnitXMLReporter -->
<testsuite ignored="0" hostname="Dirash10" failures="0" tests="2" name="Default test" time="36.079" errors="0" timestamp="2024-10-15T11:24:25 IST">
  <testcase classname="Dirash_Company.Ecommerce_Framework.StandAloneTest" name="submitOrder" time="19.143"/>
  <testcase classname="Dirash_Company.Ecommerce_Framework.StandAloneTest" name="orderHistoryTest" time="1.252"/>
</testsuite> <!-- Default test -->
