<?xml version="1.0" encoding="UTF-8"?>
<!-- Generated by org.testng.reporters.JUnitXMLReporter -->
<testsuite ignored="2" hostname="Dirash10" failures="0" tests="0" time="0.009" errors="0" timestamp="2024-10-17T01:05:04 IST">
  <testcase classname="Dirash_Company.Ecommerce_Framework.StandAloneTest" name="orderHistoryTest" time="0.0">
    <ignored/>
  </testcase> <!-- orderHistoryTest -->
  <testcase classname="Dirash_Company.Ecommerce_Framework.StandAloneTest" name="submitOrder" time="0.0">
    <ignored/>
  </testcase> <!-- submitOrder -->
</testsuite>
