<?xml version="1.0" encoding="UTF-8"?>
<testng-results ignored="0" total="1" passed="1" failed="0" skipped="0">
  <reporter-output>
  </reporter-output>
  <suite started-at="2024-10-08T22:58:18 IST" name="Default suite" finished-at="2024-10-08T22:58:44 IST" duration-ms="26046">
    <groups>
    </groups>
    <test started-at="2024-10-08T22:58:18 IST" name="Default test" finished-at="2024-10-08T22:58:44 IST" duration-ms="26046">
      <class name="Dirash_Company.Ecommerce_Framework.StandAloneTest">
        <test-method signature="submitOrder()[pri:0, instance:Dirash_Company.Ecommerce_Framework.StandAloneTest@38c6f217]" started-at="2024-10-08T22:58:18 IST" name="submitOrder" finished-at="2024-10-08T22:58:44 IST" duration-ms="25969" status="PASS">
          <reporter-output>
          </reporter-output>
        </test-method> <!-- submitOrder -->
      </class> <!-- Dirash_Company.Ecommerce_Framework.StandAloneTest -->
    </test> <!-- Default test -->
  </suite> <!-- Default suite -->
</testng-results>
