<?xml version="1.0" encoding="UTF-8"?>
<testng-results ignored="2" total="4" passed="0" failed="2" skipped="0">
  <reporter-output>
  </reporter-output>
  <suite started-at="2024-10-15T15:09:05 IST" name="Suite" finished-at="2024-10-15T15:09:38 IST" duration-ms="32802">
    <groups>
      <group name="purchaseOrder">
        <method signature="StandAloneTest.submitOrder(java.util.HashMap)[pri:0, instance:Dirash_Company.Ecommerce_Framework.StandAloneTest@40ef3420]" name="submitOrder" class="Dirash_Company.Ecommerce_Framework.StandAloneTest"/>
      </group> <!-- purchaseOrder -->
    </groups>
    <test started-at="2024-10-15T15:09:05 IST" name="Error validation Test" finished-at="2024-10-15T15:09:05 IST" duration-ms="22">
    </test> <!-- Error validation Test -->
    <test started-at="2024-10-15T15:09:05 IST" name="Submit Order Test" finished-at="2024-10-15T15:09:38 IST" duration-ms="32802">
      <class name="Dirash_Company.Ecommerce_Framework.StandAloneTest">
        <test-method is-config="true" signature="LaunchApplication()[pri:0, instance:Dirash_Company.Ecommerce_Framework.StandAloneTest@40ef3420]" started-at="2024-10-15T15:09:06 IST" name="LaunchApplication" finished-at="2024-10-15T15:09:30 IST" duration-ms="24032" status="PASS">
          <reporter-output>
          </reporter-output>
        </test-method> <!-- LaunchApplication -->
        <test-method signature="submitOrder(java.util.HashMap)[pri:0, instance:Dirash_Company.Ecommerce_Framework.StandAloneTest@40ef3420]" started-at="2024-10-15T15:09:30 IST" name="submitOrder" data-provider="getData" finished-at="2024-10-15T15:09:32 IST" duration-ms="1924" status="FAIL">
          <params>
            <param index="0">
              <value>
                <![CDATA[{product_Name=ADIDAS ORIGINAL, password=Dirash@10, email=dirash@leena.ai}]]>
              </value>
            </param>
          </params>
          <exception class="java.lang.NullPointerException">
            <message>
              <![CDATA[Cannot invoke "org.openqa.selenium.WebElement.findElement(org.openqa.selenium.By)" because "prod" is null]]>
            </message>
            <full-stacktrace>
              <![CDATA[java.lang.NullPointerException: Cannot invoke "org.openqa.selenium.WebElement.findElement(org.openqa.selenium.By)" because "prod" is null
at Dirash_Company.pageObjects.ProductCatalogue.addProductToCart(ProductCatalogue.java:57)
at Dirash_Company.Ecommerce_Framework.StandAloneTest.submitOrder(StandAloneTest.java:29)
at java.base/jdk.internal.reflect.DirectMethodHandleAccessor.invoke(DirectMethodHandleAccessor.java:103)
at java.base/java.lang.reflect.Method.invoke(Method.java:580)
at org.testng.internal.MethodInvocationHelper.invokeMethod(MethodInvocationHelper.java:133)
at org.testng.internal.TestInvoker.invokeMethod(TestInvoker.java:598)
at org.testng.internal.TestInvoker.invokeTestMethod(TestInvoker.java:173)
at org.testng.internal.MethodRunner.runInSequence(MethodRunner.java:46)
at org.testng.internal.TestInvoker$MethodInvocationAgent.invoke(TestInvoker.java:824)
at org.testng.internal.TestInvoker.invokeTestMethods(TestInvoker.java:146)
at org.testng.internal.TestMethodWorker.invokeTestMethods(TestMethodWorker.java:146)
at org.testng.internal.TestMethodWorker.run(TestMethodWorker.java:128)
at java.base/java.util.ArrayList.forEach(ArrayList.java:1596)
at org.testng.TestRunner.privateRun(TestRunner.java:794)
at org.testng.TestRunner.run(TestRunner.java:596)
at org.testng.SuiteRunner.runTest(SuiteRunner.java:377)
at org.testng.SuiteRunner.access$000(SuiteRunner.java:28)
at org.testng.SuiteRunner$SuiteWorker.run(SuiteRunner.java:418)
at org.testng.internal.thread.ThreadUtil.lambda$execute$0(ThreadUtil.java:64)
at java.base/java.util.concurrent.FutureTask.run(FutureTask.java:317)
at java.base/java.util.concurrent.ThreadPoolExecutor.runWorker(ThreadPoolExecutor.java:1144)
at java.base/java.util.concurrent.ThreadPoolExecutor$Worker.run(ThreadPoolExecutor.java:642)
at java.base/java.lang.Thread.run(Thread.java:1583)
]]>
            </full-stacktrace>
          </exception> <!-- java.lang.NullPointerException -->
          <reporter-output>
          </reporter-output>
        </test-method> <!-- submitOrder -->
        <test-method is-config="true" signature="closeBrowser()[pri:0, instance:Dirash_Company.Ecommerce_Framework.StandAloneTest@40ef3420]" started-at="2024-10-15T15:09:32 IST" name="closeBrowser" finished-at="2024-10-15T15:09:32 IST" duration-ms="418" status="PASS">
          <reporter-output>
          </reporter-output>
        </test-method> <!-- closeBrowser -->
        <test-method is-config="true" signature="LaunchApplication()[pri:0, instance:Dirash_Company.Ecommerce_Framework.StandAloneTest@40ef3420]" started-at="2024-10-15T15:09:32 IST" name="LaunchApplication" finished-at="2024-10-15T15:09:37 IST" duration-ms="4850" status="PASS">
          <reporter-output>
          </reporter-output>
        </test-method> <!-- LaunchApplication -->
        <test-method signature="submitOrder(java.util.HashMap)[pri:0, instance:Dirash_Company.Ecommerce_Framework.StandAloneTest@40ef3420]" started-at="2024-10-15T15:09:37 IST" name="submitOrder" data-provider="getData" finished-at="2024-10-15T15:09:38 IST" duration-ms="1254" status="FAIL">
          <params>
            <param index="0">
              <value>
                <![CDATA[{product_Name=ZARA COAT 3, password=Dirash@10, email=dirash+2@leena.ai}]]>
              </value>
            </param>
          </params>
          <exception class="java.lang.NullPointerException">
            <message>
              <![CDATA[Cannot invoke "org.openqa.selenium.WebElement.findElement(org.openqa.selenium.By)" because "prod" is null]]>
            </message>
            <full-stacktrace>
              <![CDATA[java.lang.NullPointerException: Cannot invoke "org.openqa.selenium.WebElement.findElement(org.openqa.selenium.By)" because "prod" is null
at Dirash_Company.pageObjects.ProductCatalogue.addProductToCart(ProductCatalogue.java:57)
at Dirash_Company.Ecommerce_Framework.StandAloneTest.submitOrder(StandAloneTest.java:29)
at java.base/jdk.internal.reflect.DirectMethodHandleAccessor.invoke(DirectMethodHandleAccessor.java:103)
at java.base/java.lang.reflect.Method.invoke(Method.java:580)
at org.testng.internal.MethodInvocationHelper.invokeMethod(MethodInvocationHelper.java:133)
at org.testng.internal.TestInvoker.invokeMethod(TestInvoker.java:598)
at org.testng.internal.TestInvoker.invokeTestMethod(TestInvoker.java:173)
at org.testng.internal.MethodRunner.runInSequence(MethodRunner.java:46)
at org.testng.internal.TestInvoker$MethodInvocationAgent.invoke(TestInvoker.java:824)
at org.testng.internal.TestInvoker.invokeTestMethods(TestInvoker.java:146)
at org.testng.internal.TestMethodWorker.invokeTestMethods(TestMethodWorker.java:146)
at org.testng.internal.TestMethodWorker.run(TestMethodWorker.java:128)
at java.base/java.util.ArrayList.forEach(ArrayList.java:1596)
at org.testng.TestRunner.privateRun(TestRunner.java:794)
at org.testng.TestRunner.run(TestRunner.java:596)
at org.testng.SuiteRunner.runTest(SuiteRunner.java:377)
at org.testng.SuiteRunner.access$000(SuiteRunner.java:28)
at org.testng.SuiteRunner$SuiteWorker.run(SuiteRunner.java:418)
at org.testng.internal.thread.ThreadUtil.lambda$execute$0(ThreadUtil.java:64)
at java.base/java.util.concurrent.FutureTask.run(FutureTask.java:317)
at java.base/java.util.concurrent.ThreadPoolExecutor.runWorker(ThreadPoolExecutor.java:1144)
at java.base/java.util.concurrent.ThreadPoolExecutor$Worker.run(ThreadPoolExecutor.java:642)
at java.base/java.lang.Thread.run(Thread.java:1583)
]]>
            </full-stacktrace>
          </exception> <!-- java.lang.NullPointerException -->
          <reporter-output>
          </reporter-output>
        </test-method> <!-- submitOrder -->
        <test-method is-config="true" signature="closeBrowser()[pri:0, instance:Dirash_Company.Ecommerce_Framework.StandAloneTest@40ef3420]" started-at="2024-10-15T15:09:38 IST" name="closeBrowser" finished-at="2024-10-15T15:09:38 IST" duration-ms="208" status="PASS">
          <reporter-output>
          </reporter-output>
        </test-method> <!-- closeBrowser -->
      </class> <!-- Dirash_Company.Ecommerce_Framework.StandAloneTest -->
    </test> <!-- Submit Order Test -->
  </suite> <!-- Suite -->
</testng-results>
